# JRE version: Java(TM) SE Runtime Environment (17.0.12+8) (build 17.0.12+8-LTS-286)
# Java VM: Java HotSpot(TM) 64-Bit Server VM (17.0.12+8-LTS-286, mixed mode, sharing, tiered, compressed oops, compressed class ptrs, g1 gc, windows-amd64)
GC Precious Log:
 CPUs: 8 total, 8 available
 Memory: 7502M
 Large Page Support: Disabled
 NUMA Support: Disabled
 Compressed Oops: Enabled (Zero based)
 Heap Region Size: 2M
 Heap Min Capacity: 8M
 Heap Initial Capacity: 118M
 Heap Max Capacity: 4G
 Pre-touch: Disabled
 Parallel Workers: 8
 Concurrent Workers: 2
 Concurrent Refinement Workers: 8
 Periodic GC: Disabled
Heap:
 garbage-first heap   total 501760K, used 263350K [0x0000000700000000, 0x0000000800000000)
  region size 2048K, 2 young (4096K), 2 survivors (4096K)
 Metaspace       used 122728K, committed 124480K, reserved 983040K
  class space    used 16926K, committed 17728K, reserved 851968K
GC Heap History (20 events):
Event: 127.990 GC heap after
{Heap after GC invocations=62 (full 0):
 garbage-first heap   total 346112K, used 210159K [0x0000000700000000, 0x0000000800000000)
  region size 2048K, 6 young (12288K), 6 survivors (12288K)
 Metaspace       used 116039K, committed 117632K, reserved 983040K
  class space    used 15943K, committed 16640K, reserved 851968K
}
Event: 129.118 GC heap before
{Heap before GC invocations=62 (full 0):
 garbage-first heap   total 346112K, used 281839K [0x0000000700000000, 0x0000000800000000)
  region size 2048K, 41 young (83968K), 6 survivors (12288K)
 Metaspace       used 117936K, committed 119552K, reserved 983040K
  class space    used 16301K, committed 17024K, reserved 851968K
}
Event: 129.130 GC heap after
{Heap after GC invocations=63 (full 0):
 garbage-first heap   total 346112K, used 217562K [0x0000000700000000, 0x0000000800000000)
  region size 2048K, 5 young (10240K), 5 survivors (10240K)
 Metaspace       used 117936K, committed 119552K, reserved 983040K
  class space    used 16301K, committed 17024K, reserved 851968K
}
Event: 130.079 GC heap before
{Heap before GC invocations=64 (full 0):
 garbage-first heap   total 393216K, used 279002K [0x0000000700000000, 0x0000000800000000)
  region size 2048K, 35 young (71680K), 5 survivors (10240K)
 Metaspace       used 120849K, committed 122496K, reserved 983040K
  class space    used 16678K, committed 17408K, reserved 851968K
}
Event: 130.088 GC heap after
{Heap after GC invocations=65 (full 0):
 garbage-first heap   total 393216K, used 221860K [0x0000000700000000, 0x0000000800000000)
  region size 2048K, 3 young (6144K), 3 survivors (6144K)
 Metaspace       used 120849K, committed 122496K, reserved 983040K
  class space    used 16678K, committed 17408K, reserved 851968K
}
Event: 130.265 GC heap before
{Heap before GC invocations=65 (full 0):
 garbage-first heap   total 393216K, used 234148K [0x0000000700000000, 0x0000000800000000)
  region size 2048K, 9 young (18432K), 3 survivors (6144K)
 Metaspace       used 121468K, committed 123200K, reserved 983040K
  class space    used 16771K, committed 17536K, reserved 851968K
}
Event: 130.272 GC heap after
{Heap after GC invocations=66 (full 0):
 garbage-first heap   total 393216K, used 220171K [0x0000000700000000, 0x0000000800000000)
  region size 2048K, 1 young (2048K), 1 survivors (2048K)
 Metaspace       used 121468K, committed 123200K, reserved 983040K
  class space    used 16771K, committed 17536K, reserved 851968K
}
Event: 131.375 GC heap before
{Heap before GC invocations=66 (full 0):
 garbage-first heap   total 393216K, used 316427K [0x0000000700000000, 0x0000000800000000)
  region size 2048K, 48 young (98304K), 1 survivors (2048K)
 Metaspace       used 121807K, committed 123456K, reserved 983040K
  class space    used 16814K, committed 17536K, reserved 851968K
}
Event: 131.388 GC heap after
{Heap after GC invocations=67 (full 0):
 garbage-first heap   total 393216K, used 236948K [0x0000000700000000, 0x0000000800000000)
  region size 2048K, 6 young (12288K), 6 survivors (12288K)
 Metaspace       used 121807K, committed 123456K, reserved 983040K
  class space    used 16814K, committed 17536K, reserved 851968K
}
Event: 132.003 GC heap before
{Heap before GC invocations=67 (full 0):
 garbage-first heap   total 393216K, used 316820K [0x0000000700000000, 0x0000000800000000)
  region size 2048K, 46 young (94208K), 6 survivors (12288K)
 Metaspace       used 121850K, committed 123520K, reserved 983040K
  class space    used 16814K, committed 17536K, reserved 851968K
}
Event: 132.015 GC heap after
{Heap after GC invocations=68 (full 0):
 garbage-first heap   total 393216K, used 243613K [0x0000000700000000, 0x0000000800000000)
  region size 2048K, 3 young (6144K), 3 survivors (6144K)
 Metaspace       used 121850K, committed 123520K, reserved 983040K
  class space    used 16814K, committed 17536K, reserved 851968K
}
Event: 132.923 GC heap before
{Heap before GC invocations=68 (full 0):
 garbage-first heap   total 393216K, used 321437K [0x0000000700000000, 0x0000000800000000)
  region size 2048K, 42 young (86016K), 3 survivors (6144K)
 Metaspace       used 122128K, committed 123840K, reserved 983040K
  class space    used 16849K, committed 17600K, reserved 851968K
}
Event: 132.934 GC heap after
{Heap after GC invocations=69 (full 0):
 garbage-first heap   total 393216K, used 253770K [0x0000000700000000, 0x0000000800000000)
  region size 2048K, 6 young (12288K), 6 survivors (12288K)
 Metaspace       used 122128K, committed 123840K, reserved 983040K
  class space    used 16849K, committed 17600K, reserved 851968K
}
Event: 133.287 GC heap before
{Heap before GC invocations=69 (full 0):
 garbage-first heap   total 393216K, used 321354K [0x0000000700000000, 0x0000000800000000)
  region size 2048K, 40 young (81920K), 6 survivors (12288K)
 Metaspace       used 122128K, committed 123840K, reserved 983040K
  class space    used 16849K, committed 17600K, reserved 851968K
}
Event: 133.295 GC heap after
{Heap after GC invocations=70 (full 0):
 garbage-first heap   total 393216K, used 256188K [0x0000000700000000, 0x0000000800000000)
  region size 2048K, 3 young (6144K), 3 survivors (6144K)
 Metaspace       used 122128K, committed 123840K, reserved 983040K
  class space    used 16849K, committed 17600K, reserved 851968K
}
Event: 134.714 GC heap before
{Heap before GC invocations=70 (full 0):
 garbage-first heap   total 393216K, used 323772K [0x0000000700000000, 0x0000000800000000)
  region size 2048K, 37 young (75776K), 3 survivors (6144K)
 Metaspace       used 122726K, committed 124480K, reserved 983040K
  class space    used 16926K, committed 17728K, reserved 851968K
}
Event: 134.728 GC heap after
{Heap after GC invocations=71 (full 0):
 garbage-first heap   total 393216K, used 265569K [0x0000000700000000, 0x0000000800000000)
  region size 2048K, 5 young (10240K), 5 survivors (10240K)
 Metaspace       used 122726K, committed 124480K, reserved 983040K
  class space    used 16926K, committed 17728K, reserved 851968K
}
Event: 135.155 GC heap before
{Heap before GC invocations=72 (full 0):
 garbage-first heap   total 501760K, used 316769K [0x0000000700000000, 0x0000000800000000)
  region size 2048K, 31 young (63488K), 5 survivors (10240K)
 Metaspace       used 122728K, committed 124480K, reserved 983040K
  class space    used 16926K, committed 17728K, reserved 851968K
}
Event: 135.164 GC heap after
{Heap after GC invocations=73 (full 0):
 garbage-first heap   total 501760K, used 268235K [0x0000000700000000, 0x0000000800000000)
  region size 2048K, 3 young (6144K), 3 survivors (6144K)
 Metaspace       used 122728K, committed 124480K, reserved 983040K
  class space    used 16926K, committed 17728K, reserved 851968K
}
Event: 135.244 GC heap before
{Heap before GC invocations=73 (full 0):
 garbage-first heap   total 501760K, used 284619K [0x0000000700000000, 0x0000000800000000)
  region size 2048K, 12 young (24576K), 3 survivors (6144K)
 Metaspace       used 122728K, committed 124480K, reserved 983040K
  class space    used 16926K, committed 17728K, reserved 851968K
}

